<?xml version="1.0" encoding="UTF-8"?>
<!-- Generated by org.testng.reporters.JUnitXMLReporter -->
<testsuite hostname="DESKTOP-2NUAO77" name="Bitbatua Test" tests="1" failures="1" timestamp="8 Oct 2021 05:06:28 GMT" time="15.202" errors="0">
  <testcase name="loginTest" time="6.648" classname="Com.Bitbatua.testcases.TC_LoginTest_001">
    <failure type="java.lang.AssertionError" message="expected [true] but found [false]">
      <![CDATA[java.lang.AssertionError: expected [true] but found [false]
	at Com.Bitbatua.testcases.TC_LoginTest_001.loginTest(TC_LoginTest_001.java:47)
... Removed 28 stack frames]]>
    </failure>
  </testcase> <!-- loginTest -->
</testsuite> <!-- Bitbatua Test -->
