<?xml version="1.0" encoding="UTF-8"?>
<!-- Generated by org.testng.reporters.JUnitXMLReporter -->
<testsuite hostname="DESKTOP-2NUAO77" name="Bitbatua Test" tests="3" failures="2" timestamp="30 Aug 2021 10:10:44 GMT" time="32.645" errors="0">
  <testcase name="loginTest" time="3.444" classname="Com.Bitbatua.testcases.TC_LoginTest_001">
    <failure type="java.lang.AssertionError" message="expected [true] but found [false]">
      <![CDATA[java.lang.AssertionError: expected [true] but found [false]
	at Com.Bitbatua.testcases.TC_LoginTest_001.loginTest(TC_LoginTest_001.java:42)
... Removed 28 stack frames]]>
    </failure>
  </testcase> <!-- loginTest -->
  <testcase name="CreateAccountTest" time="8.444" classname="Com.Bitbatua.testcases.TC_CreateAccntTest_003">
    <failure type="java.lang.AssertionError" message="expected [true] but found [false]">
      <![CDATA[java.lang.AssertionError: expected [true] but found [false]
	at Com.Bitbatua.testcases.TC_CreateAccntTest_003.CreateAccountTest(TC_CreateAccntTest_003.java:58)
... Removed 28 stack frames]]>
    </failure>
  </testcase> <!-- CreateAccountTest -->
  <testcase name="ForgotPassTest" time="2.682" classname="Com.Bitbatua.testcases.TC_ForgotPassTest_004"/>
</testsuite> <!-- Bitbatua Test -->
