<?xml version="1.0" encoding="UTF-8"?>
<!-- Generated by org.testng.reporters.JUnitXMLReporter -->
<testsuite hostname="DESKTOP-2NUAO77" ignored="0" name="Bitbatua Test" tests="3" failures="0" timestamp="2021-08-31T13:33:54 IST" time="36.301" errors="0">
  <testcase name="loginTest" time="3.117" classname="Com.Bitbatua.testcases.TC_LoginTest_001"/>
  <testcase name="CreateAccountTest" time="8.166" classname="Com.Bitbatua.testcases.TC_CreateAccntTest_003"/>
  <testcase name="ForgotPassTest" time="2.685" classname="Com.Bitbatua.testcases.TC_ForgotPassTest_004"/>
</testsuite> <!-- Bitbatua Test -->
