<?xml version="1.0" encoding="UTF-8"?>
<!-- Generated by org.testng.reporters.JUnitXMLReporter -->
<testsuite hostname="DESKTOP-2NUAO77" ignored="0" name="Bitbatua Test" tests="3" failures="0" timestamp="2021-08-31T18:17:49 IST" time="34.727" errors="0">
  <testcase name="loginTest" time="2.951" classname="Com.Bitbatua.testcases.TC_LoginTest_001"/>
  <testcase name="CreateAccountTest" time="8.236" classname="Com.Bitbatua.testcases.TC_CreateAccntTest_003"/>
  <testcase name="ForgotPassTest" time="2.521" classname="Com.Bitbatua.testcases.TC_ForgotPassTest_004"/>
</testsuite> <!-- Bitbatua Test -->
