<?xml version="1.0" encoding="UTF-8"?>
<testng-results skipped="0" failed="0" total="5" passed="5">
  <reporter-output>
  </reporter-output>
  <suite name="Bitbatua_BIBV1" duration-ms="94597" started-at="2021-09-01T10:25:12Z" finished-at="2021-09-01T10:26:47Z">
    <groups>
    </groups>
    <test name="Bitbatua Test" duration-ms="94597" started-at="2021-09-01T10:25:12Z" finished-at="2021-09-01T10:26:47Z">
      <class name="Com.Bitbatua.testcases.TC_CreateWalletBTC_007">
        <test-method status="PASS" signature="setup(java.lang.String)[pri:0, instance:Com.Bitbatua.testcases.TC_CreateWalletBTC_007@3b6eb2ec]" name="setup" is-config="true" duration-ms="7022" started-at="2021-09-01T15:55:13Z" finished-at="2021-09-01T15:55:20Z">
          <params>
            <param index="0">
              <value>
                <![CDATA[chrome]]>
              </value>
            </param>
          </params>
          <reporter-output>
          </reporter-output>
        </test-method> <!-- setup -->
        <test-method status="PASS" signature="CreateWalletBTC()[pri:0, instance:Com.Bitbatua.testcases.TC_CreateWalletBTC_007@3b6eb2ec]" name="CreateWalletBTC" duration-ms="12895" started-at="2021-09-01T15:55:20Z" finished-at="2021-09-01T15:55:33Z">
          <reporter-output>
          </reporter-output>
        </test-method> <!-- CreateWalletBTC -->
        <test-method status="PASS" signature="tearDown()[pri:0, instance:Com.Bitbatua.testcases.TC_CreateWalletBTC_007@3b6eb2ec]" name="tearDown" is-config="true" duration-ms="934" started-at="2021-09-01T15:55:33Z" finished-at="2021-09-01T15:55:34Z">
          <reporter-output>
          </reporter-output>
        </test-method> <!-- tearDown -->
      </class> <!-- Com.Bitbatua.testcases.TC_CreateWalletBTC_007 -->
      <class name="Com.Bitbatua.testcases.TC_CreateWalletUSD_010">
        <test-method status="PASS" signature="setup(java.lang.String)[pri:0, instance:Com.Bitbatua.testcases.TC_CreateWalletUSD_010@7a79be86]" name="setup" is-config="true" duration-ms="4540" started-at="2021-09-01T15:56:11Z" finished-at="2021-09-01T15:56:15Z">
          <params>
            <param index="0">
              <value>
                <![CDATA[chrome]]>
              </value>
            </param>
          </params>
          <reporter-output>
          </reporter-output>
        </test-method> <!-- setup -->
        <test-method status="PASS" signature="CreateWalletUSD()[pri:0, instance:Com.Bitbatua.testcases.TC_CreateWalletUSD_010@7a79be86]" name="CreateWalletUSD" duration-ms="12512" started-at="2021-09-01T15:56:15Z" finished-at="2021-09-01T15:56:28Z">
          <reporter-output>
          </reporter-output>
        </test-method> <!-- CreateWalletUSD -->
        <test-method status="PASS" signature="tearDown()[pri:0, instance:Com.Bitbatua.testcases.TC_CreateWalletUSD_010@7a79be86]" name="tearDown" is-config="true" duration-ms="819" started-at="2021-09-01T15:56:28Z" finished-at="2021-09-01T15:56:29Z">
          <reporter-output>
          </reporter-output>
        </test-method> <!-- tearDown -->
      </class> <!-- Com.Bitbatua.testcases.TC_CreateWalletUSD_010 -->
      <class name="Com.Bitbatua.testcases.TC_CreateWalletUSDT_011">
        <test-method status="PASS" signature="setup(java.lang.String)[pri:0, instance:Com.Bitbatua.testcases.TC_CreateWalletUSDT_011@34ce8af7]" name="setup" is-config="true" duration-ms="4466" started-at="2021-09-01T15:56:29Z" finished-at="2021-09-01T15:56:33Z">
          <params>
            <param index="0">
              <value>
                <![CDATA[chrome]]>
              </value>
            </param>
          </params>
          <reporter-output>
          </reporter-output>
        </test-method> <!-- setup -->
        <test-method status="PASS" signature="CreateWalletUSDT()[pri:0, instance:Com.Bitbatua.testcases.TC_CreateWalletUSDT_011@34ce8af7]" name="CreateWalletUSDT" duration-ms="12482" started-at="2021-09-01T15:56:33Z" finished-at="2021-09-01T15:56:46Z">
          <reporter-output>
          </reporter-output>
        </test-method> <!-- CreateWalletUSDT -->
        <test-method status="PASS" signature="tearDown()[pri:0, instance:Com.Bitbatua.testcases.TC_CreateWalletUSDT_011@34ce8af7]" name="tearDown" is-config="true" duration-ms="1362" started-at="2021-09-01T15:56:46Z" finished-at="2021-09-01T15:56:47Z">
          <reporter-output>
          </reporter-output>
        </test-method> <!-- tearDown -->
      </class> <!-- Com.Bitbatua.testcases.TC_CreateWalletUSDT_011 -->
      <class name="Com.Bitbatua.testcases.TC_CreateWalletINR_009">
        <test-method status="PASS" signature="setup(java.lang.String)[pri:0, instance:Com.Bitbatua.testcases.TC_CreateWalletINR_009@6e8dacdf]" name="setup" is-config="true" duration-ms="4788" started-at="2021-09-01T15:55:53Z" finished-at="2021-09-01T15:55:57Z">
          <params>
            <param index="0">
              <value>
                <![CDATA[chrome]]>
              </value>
            </param>
          </params>
          <reporter-output>
          </reporter-output>
        </test-method> <!-- setup -->
        <test-method status="PASS" signature="CreateWalletINR()[pri:0, instance:Com.Bitbatua.testcases.TC_CreateWalletINR_009@6e8dacdf]" name="CreateWalletINR" duration-ms="12549" started-at="2021-09-01T15:55:57Z" finished-at="2021-09-01T15:56:10Z">
          <reporter-output>
          </reporter-output>
        </test-method> <!-- CreateWalletINR -->
        <test-method status="PASS" signature="tearDown()[pri:0, instance:Com.Bitbatua.testcases.TC_CreateWalletINR_009@6e8dacdf]" name="tearDown" is-config="true" duration-ms="985" started-at="2021-09-01T15:56:10Z" finished-at="2021-09-01T15:56:11Z">
          <reporter-output>
          </reporter-output>
        </test-method> <!-- tearDown -->
      </class> <!-- Com.Bitbatua.testcases.TC_CreateWalletINR_009 -->
      <class name="Com.Bitbatua.testcases.TC_CreateWalletETH_008">
        <test-method status="PASS" signature="setup(java.lang.String)[pri:0, instance:Com.Bitbatua.testcases.TC_CreateWalletETH_008@1e643faf]" name="setup" is-config="true" duration-ms="4243" started-at="2021-09-01T15:55:34Z" finished-at="2021-09-01T15:55:38Z">
          <params>
            <param index="0">
              <value>
                <![CDATA[chrome]]>
              </value>
            </param>
          </params>
          <reporter-output>
          </reporter-output>
        </test-method> <!-- setup -->
        <test-method status="PASS" signature="CreateWalletETH()[pri:0, instance:Com.Bitbatua.testcases.TC_CreateWalletETH_008@1e643faf]" name="CreateWalletETH" duration-ms="13002" started-at="2021-09-01T15:55:38Z" finished-at="2021-09-01T15:55:51Z">
          <reporter-output>
          </reporter-output>
        </test-method> <!-- CreateWalletETH -->
        <test-method status="PASS" signature="tearDown()[pri:0, instance:Com.Bitbatua.testcases.TC_CreateWalletETH_008@1e643faf]" name="tearDown" is-config="true" duration-ms="1292" started-at="2021-09-01T15:55:51Z" finished-at="2021-09-01T15:55:53Z">
          <reporter-output>
          </reporter-output>
        </test-method> <!-- tearDown -->
      </class> <!-- Com.Bitbatua.testcases.TC_CreateWalletETH_008 -->
    </test> <!-- Bitbatua Test -->
  </suite> <!-- Bitbatua_BIBV1 -->
</testng-results>
